<?xml version="1.0" encoding="UTF-8"?>
<testsuite name="JUnit Jupiter" tests="3" skipped="0" failures="0" errors="0" time="0.192" hostname="localhost" timestamp="2025-01-22T15:34:03">
<properties>
[...]
</properties>
<testcase name="testGetAPlan()" classname="ma.plutus.vehicle_routing.integration.VehicleRoutePlanControllerIntegrationTest" time="0.002">
<system-out><![CDATA[
unique-id: [engine:junit-jupiter]/[class:ma.plutus.vehicle_routing.integration.VehicleRoutePlanControllerIntegrationTest]/[method:testGetAPlan()]
display-name: testGetAPlan()
]]></system-out>
</testcase>
<testcase name="testPostAPlan()" classname="ma.plutus.vehicle_routing.integration.VehicleRoutePlanControllerIntegrationTest" time="0.009">
<system-out><![CDATA[
unique-id: [engine:junit-jupiter]/[class:ma.plutus.vehicle_routing.integration.VehicleRoutePlanControllerIntegrationTest]/[method:testPostAPlan()]
display-name: testPostAPlan()
]]></system-out>
</testcase>
<testcase name="testPostAPlan_InvalidInput_MissingName()" classname="ma.plutus.vehicle_routing.integration.VehicleRoutePlanControllerIntegrationTest" time="0.002">
<system-out><![CDATA[
unique-id: [engine:junit-jupiter]/[class:ma.plutus.vehicle_routing.integration.VehicleRoutePlanControllerIntegrationTest]/[method:testPostAPlan_InvalidInput_MissingName()]
display-name: testPostAPlan_InvalidInput_MissingName()
]]></system-out>
</testcase>
<system-out><![CDATA[
unique-id: [engine:junit-jupiter]
display-name: JUnit Jupiter
]]></system-out>
</testsuite>
